This is pdfTeX, Version 3.14159265-2.6-1.40.17 (TeX Live 2016/Debian) (preloaded format=latex 2017.1.19)  1 APR 2017 23:14
entering extended mode
 restricted \write18 enabled.
 %&-line parsing enabled.
**sicp.latex
(./sicp.latex
LaTeX2e <2016/03/31> patch level 3
Babel <3.9r> and hyphenation patterns for 3 language(s) loaded.
(/usr/share/texlive/texmf-dist/tex/latex/base/article.cls
Document Class: article 2014/09/29 v1.4h Standard LaTeX document class
(/usr/share/texlive/texmf-dist/tex/latex/base/size12.clo
File: size12.clo 2014/09/29 v1.4h Standard LaTeX file (size option)
)
\c@part=\count79
\c@section=\count80
\c@subsection=\count81
\c@subsubsection=\count82
\c@paragraph=\count83
\c@subparagraph=\count84
\c@figure=\count85
\c@table=\count86
\abovecaptionskip=\skip41
\belowcaptionskip=\skip42
\bibindent=\dimen102
) (./sicp.aux)
\openout1 = `sicp.aux'.

LaTeX Font Info:    Checking defaults for OML/cmm/m/it on input line 3.
LaTeX Font Info:    ... okay on input line 3.
LaTeX Font Info:    Checking defaults for T1/cmr/m/n on input line 3.
LaTeX Font Info:    ... okay on input line 3.
LaTeX Font Info:    Checking defaults for OT1/cmr/m/n on input line 3.
LaTeX Font Info:    ... okay on input line 3.
LaTeX Font Info:    Checking defaults for OMS/cmsy/m/n on input line 3.
LaTeX Font Info:    ... okay on input line 3.
LaTeX Font Info:    Checking defaults for OMX/cmex/m/n on input line 3.
LaTeX Font Info:    ... okay on input line 3.
LaTeX Font Info:    Checking defaults for U/cmr/m/n on input line 3.
LaTeX Font Info:    ... okay on input line 3.

[1

] [2] [3] [4] [5]
Overfull \hbox (104.00024pt too wide) in paragraph at lines 180--180
[]\OT1/cmtt/m/n/12 MAYBE - avoid saving and restoring cont , have ev-read-3 do 
restore and continue[] 
 []

[6] [7]
Overfull \hbox (79.30023pt too wide) in paragraph at lines 210--210
[]\OT1/cmtt/m/n/12 in this version , shorter but makes 2 saves and restores , i
nstead of just 1[] 
 []

[8]
Overfull \hbox (23.7252pt too wide) in paragraph at lines 250--250
[]\OT1/cmtt/m/n/12 inputs    : proc = evaluated procedure , argl = evaluated ar
guments[] 
 []


Overfull \hbox (54.60022pt too wide) in paragraph at lines 250--250
[]\OT1/cmtt/m/n/12 extend the environment [env] with [unev : params ] and [ arg
l : values ][] 
 []

[9] [10] [11] [12] [13] [14] [15] [16] [17] [18] [19] [20] [21] [22] [23]
[24] [25] [26] [27] [28] [29]
Overfull \hbox (36.07521pt too wide) in paragraph at lines 936--936
[]\OT1/cmtt/m/n/12 9   ;; last expression has no need to return -- key to tail 
recursion[] 
 []

[30] [31] [32] (./sicp.aux) ) 
Here is how much of TeX's memory you used:
 205 strings out of 494946
 2168 string characters out of 6181058
 53643 words of memory out of 5000000
 3584 multiletter control sequences out of 15000+600000
 4107 words of font info for 16 fonts, out of 8000000 for 9000
 14 hyphenation exceptions out of 8191
 22i,5n,19p,133b,239s stack positions out of 5000i,500n,10000p,200000b,80000s

Output written on sicp.dvi (32 pages, 33844 bytes).
