x = 12 
y = 8 
z = 6 
TAK 1 1 1 = 1
TAK 1 1 2 = 2
TAK 1 1 3 = 3
TAK 1 1 4 = 4
TAK 1 1 5 = 5
TAK 1 1 6 = 6
TAK 1 1 7 = 7
TAK 1 1 8 = 8
TAK 1 2 1 = 1
TAK 1 2 2 = 2
TAK 1 2 3 = 3
TAK 1 2 4 = 4
TAK 1 2 5 = 5
TAK 1 2 6 = 6
TAK 1 2 7 = 7
TAK 1 2 8 = 8
TAK 1 3 1 = 1
TAK 1 3 2 = 2
TAK 1 3 3 = 3
TAK 1 3 4 = 4
TAK 1 3 5 = 5
TAK 1 3 6 = 6
TAK 1 3 7 = 7
TAK 1 3 8 = 8
TAK 1 4 1 = 1
TAK 1 4 2 = 2
TAK 1 4 3 = 3
TAK 1 4 4 = 4
TAK 1 4 5 = 5
TAK 1 4 6 = 6
TAK 1 4 7 = 7
TAK 1 4 8 = 8
TAK 1 5 1 = 1
TAK 1 5 2 = 2
TAK 1 5 3 = 3
TAK 1 5 4 = 4
TAK 1 5 5 = 5
TAK 1 5 6 = 6
TAK 1 5 7 = 7
TAK 1 5 8 = 8
TAK 1 6 1 = 1
TAK 1 6 2 = 2
TAK 1 6 3 = 3
TAK 1 6 4 = 4
TAK 1 6 5 = 5
TAK 1 6 6 = 6
TAK 1 6 7 = 7
TAK 1 6 8 = 8
TAK 1 7 1 = 1
TAK 1 7 2 = 2
TAK 1 7 3 = 3
TAK 1 7 4 = 4
TAK 1 7 5 = 5
TAK 1 7 6 = 6
TAK 1 7 7 = 7
TAK 1 7 8 = 8
TAK 1 8 1 = 1
TAK 1 8 2 = 2
TAK 1 8 3 = 3
TAK 1 8 4 = 4
TAK 1 8 5 = 5
TAK 1 8 6 = 6
TAK 1 8 7 = 7
TAK 1 8 8 = 8
TAK 2 1 1 = 1
TAK 2 1 2 = 1
TAK 2 1 3 = 2
TAK 2 1 4 = 2
TAK 2 1 5 = 2
TAK 2 1 6 = 2
TAK 2 1 7 = 2
TAK 2 1 8 = 2
TAK 2 2 1 = 1
TAK 2 2 2 = 2
TAK 2 2 3 = 3
TAK 2 2 4 = 4
TAK 2 2 5 = 5
TAK 2 2 6 = 6
TAK 2 2 7 = 7
TAK 2 2 8 = 8
TAK 2 3 1 = 1
TAK 2 3 2 = 2
TAK 2 3 3 = 3
TAK 2 3 4 = 4
TAK 2 3 5 = 5
TAK 2 3 6 = 6
TAK 2 3 7 = 7
TAK 2 3 8 = 8
TAK 2 4 1 = 1
TAK 2 4 2 = 2
TAK 2 4 3 = 3
TAK 2 4 4 = 4
TAK 2 4 5 = 5
TAK 2 4 6 = 6
TAK 2 4 7 = 7
TAK 2 4 8 = 8
TAK 2 5 1 = 1
TAK 2 5 2 = 2
TAK 2 5 3 = 3
TAK 2 5 4 = 4
TAK 2 5 5 = 5
TAK 2 5 6 = 6
TAK 2 5 7 = 7
TAK 2 5 8 = 8
TAK 2 6 1 = 1
TAK 2 6 2 = 2
TAK 2 6 3 = 3
TAK 2 6 4 = 4
TAK 2 6 5 = 5
TAK 2 6 6 = 6
TAK 2 6 7 = 7
TAK 2 6 8 = 8
TAK 2 7 1 = 1
TAK 2 7 2 = 2
TAK 2 7 3 = 3
TAK 2 7 4 = 4
TAK 2 7 5 = 5
TAK 2 7 6 = 6
TAK 2 7 7 = 7
TAK 2 7 8 = 8
TAK 2 8 1 = 1
TAK 2 8 2 = 2
TAK 2 8 3 = 3
TAK 2 8 4 = 4
TAK 2 8 5 = 5
TAK 2 8 6 = 6
TAK 2 8 7 = 7
TAK 2 8 8 = 8
TAK 3 1 1 = 1
TAK 3 1 2 = 1
TAK 3 1 3 = 1
TAK 3 1 4 = 1
TAK 3 1 5 = 3
TAK 3 1 6 = 2
TAK 3 1 7 = 3
TAK 3 1 8 = 2
TAK 3 2 1 = 2
TAK 3 2 2 = 2
TAK 3 2 3 = 2
TAK 3 2 4 = 3
TAK 3 2 5 = 3
TAK 3 2 6 = 3
TAK 3 2 7 = 3
TAK 3 2 8 = 3
TAK 3 3 1 = 1
TAK 3 3 2 = 2
TAK 3 3 3 = 3
TAK 3 3 4 = 4
TAK 3 3 5 = 5
TAK 3 3 6 = 6
TAK 3 3 7 = 7
TAK 3 3 8 = 8
TAK 3 4 1 = 1
TAK 3 4 2 = 2
TAK 3 4 3 = 3
TAK 3 4 4 = 4
TAK 3 4 5 = 5
TAK 3 4 6 = 6
TAK 3 4 7 = 7
TAK 3 4 8 = 8
TAK 3 5 1 = 1
TAK 3 5 2 = 2
TAK 3 5 3 = 3
TAK 3 5 4 = 4
TAK 3 5 5 = 5
TAK 3 5 6 = 6
TAK 3 5 7 = 7
TAK 3 5 8 = 8
TAK 3 6 1 = 1
TAK 3 6 2 = 2
TAK 3 6 3 = 3
TAK 3 6 4 = 4
TAK 3 6 5 = 5
TAK 3 6 6 = 6
TAK 3 6 7 = 7
TAK 3 6 8 = 8
TAK 3 7 1 = 1
TAK 3 7 2 = 2
TAK 3 7 3 = 3
TAK 3 7 4 = 4
TAK 3 7 5 = 5
TAK 3 7 6 = 6
TAK 3 7 7 = 7
TAK 3 7 8 = 8
TAK 3 8 1 = 1
TAK 3 8 2 = 2
TAK 3 8 3 = 3
TAK 3 8 4 = 4
TAK 3 8 5 = 5
TAK 3 8 6 = 6
TAK 3 8 7 = 7
TAK 3 8 8 = 8
TAK 4 1 1 = 1
TAK 4 1 2 = 1
TAK 4 1 3 = 1
TAK 4 1 4 = 1
TAK 4 1 5 = 1
TAK 4 1 6 = 4
TAK 4 1 7 = 2
TAK 4 1 8 = 4
TAK 4 2 1 = 2
TAK 4 2 2 = 2
TAK 4 2 3 = 2
TAK 4 2 4 = 2
TAK 4 2 5 = 2
TAK 4 2 6 = 4
TAK 4 2 7 = 3
TAK 4 2 8 = 4
TAK 4 3 1 = 3
TAK 4 3 2 = 3
TAK 4 3 3 = 3
TAK 4 3 4 = 3
TAK 4 3 5 = 4
TAK 4 3 6 = 4
TAK 4 3 7 = 4
TAK 4 3 8 = 4
TAK 4 4 1 = 1
TAK 4 4 2 = 2
TAK 4 4 3 = 3
TAK 4 4 4 = 4
TAK 4 4 5 = 5
TAK 4 4 6 = 6
TAK 4 4 7 = 7
TAK 4 4 8 = 8
TAK 4 5 1 = 1
TAK 4 5 2 = 2
TAK 4 5 3 = 3
TAK 4 5 4 = 4
TAK 4 5 5 = 5
TAK 4 5 6 = 6
TAK 4 5 7 = 7
TAK 4 5 8 = 8
TAK 4 6 1 = 1
TAK 4 6 2 = 2
TAK 4 6 3 = 3
TAK 4 6 4 = 4
TAK 4 6 5 = 5
TAK 4 6 6 = 6
TAK 4 6 7 = 7
TAK 4 6 8 = 8
TAK 4 7 1 = 1
TAK 4 7 2 = 2
TAK 4 7 3 = 3
TAK 4 7 4 = 4
TAK 4 7 5 = 5
TAK 4 7 6 = 6
TAK 4 7 7 = 7
TAK 4 7 8 = 8
TAK 4 8 1 = 1
TAK 4 8 2 = 2
TAK 4 8 3 = 3
TAK 4 8 4 = 4
TAK 4 8 5 = 5
TAK 4 8 6 = 6
TAK 4 8 7 = 7
TAK 4 8 8 = 8
TAK 5 1 1 = 1
TAK 5 1 2 = 1
TAK 5 1 3 = 1
TAK 5 1 4 = 1
TAK 5 1 5 = 1
TAK 5 1 6 = 1
TAK 5 1 7 = 5
TAK 5 1 8 = 2
TAK 5 2 1 = 2
TAK 5 2 2 = 2
TAK 5 2 3 = 2
TAK 5 2 4 = 2
TAK 5 2 5 = 2
TAK 5 2 6 = 2
TAK 5 2 7 = 5
TAK 5 2 8 = 3
TAK 5 3 1 = 2
TAK 5 3 2 = 3
TAK 5 3 3 = 3
TAK 5 3 4 = 3
TAK 5 3 5 = 3
TAK 5 3 6 = 3
TAK 5 3 7 = 5
TAK 5 3 8 = 4
TAK 5 4 1 = 4
TAK 5 4 2 = 4
TAK 5 4 3 = 4
TAK 5 4 4 = 4
TAK 5 4 5 = 4
TAK 5 4 6 = 5
TAK 5 4 7 = 5
TAK 5 4 8 = 5
TAK 5 5 1 = 1
TAK 5 5 2 = 2
TAK 5 5 3 = 3
TAK 5 5 4 = 4
TAK 5 5 5 = 5
TAK 5 5 6 = 6
TAK 5 5 7 = 7
TAK 5 5 8 = 8
TAK 5 6 1 = 1
TAK 5 6 2 = 2
TAK 5 6 3 = 3
TAK 5 6 4 = 4
TAK 5 6 5 = 5
TAK 5 6 6 = 6
TAK 5 6 7 = 7
TAK 5 6 8 = 8
TAK 5 7 1 = 1
TAK 5 7 2 = 2
TAK 5 7 3 = 3
TAK 5 7 4 = 4
TAK 5 7 5 = 5
TAK 5 7 6 = 6
TAK 5 7 7 = 7
TAK 5 7 8 = 8
TAK 5 8 1 = 1
TAK 5 8 2 = 2
TAK 5 8 3 = 3
TAK 5 8 4 = 4
TAK 5 8 5 = 5
TAK 5 8 6 = 6
TAK 5 8 7 = 7
TAK 5 8 8 = 8
TAK 6 1 1 = 1
TAK 6 1 2 = 1
TAK 6 1 3 = 1
TAK 6 1 4 = 1
TAK 6 1 5 = 1
TAK 6 1 6 = 1
TAK 6 1 7 = 1
TAK 6 1 8 = 6
TAK 6 2 1 = 2
TAK 6 2 2 = 2
TAK 6 2 3 = 2
TAK 6 2 4 = 2
TAK 6 2 5 = 2
TAK 6 2 6 = 2
TAK 6 2 7 = 2
TAK 6 2 8 = 6
TAK 6 3 1 = 3
TAK 6 3 2 = 3
TAK 6 3 3 = 3
TAK 6 3 4 = 3
TAK 6 3 5 = 3
TAK 6 3 6 = 3
TAK 6 3 7 = 3
TAK 6 3 8 = 6
TAK 6 4 1 = 2
TAK 6 4 2 = 3
TAK 6 4 3 = 4
TAK 6 4 4 = 4
TAK 6 4 5 = 4
TAK 6 4 6 = 4
TAK 6 4 7 = 4
TAK 6 4 8 = 6
TAK 6 5 1 = 5
TAK 6 5 2 = 5
TAK 6 5 3 = 5
TAK 6 5 4 = 5
TAK 6 5 5 = 5
TAK 6 5 6 = 5
TAK 6 5 7 = 6
TAK 6 5 8 = 6
TAK 6 6 1 = 1
TAK 6 6 2 = 2
TAK 6 6 3 = 3
TAK 6 6 4 = 4
TAK 6 6 5 = 5
TAK 6 6 6 = 6
TAK 6 6 7 = 7
TAK 6 6 8 = 8
TAK 6 7 1 = 1
TAK 6 7 2 = 2
TAK 6 7 3 = 3
TAK 6 7 4 = 4
TAK 6 7 5 = 5
TAK 6 7 6 = 6
TAK 6 7 7 = 7
TAK 6 7 8 = 8
TAK 6 8 1 = 1
TAK 6 8 2 = 2
TAK 6 8 3 = 3
TAK 6 8 4 = 4
TAK 6 8 5 = 5
TAK 6 8 6 = 6
TAK 6 8 7 = 7
TAK 6 8 8 = 8
TAK 7 1 1 = 1
TAK 7 1 2 = 1
TAK 7 1 3 = 1
TAK 7 1 4 = 1
TAK 7 1 5 = 1
TAK 7 1 6 = 1
TAK 7 1 7 = 1
TAK 7 1 8 = 1
TAK 7 2 1 = 2
TAK 7 2 2 = 2
TAK 7 2 3 = 2
TAK 7 2 4 = 2
TAK 7 2 5 = 2
TAK 7 2 6 = 2
TAK 7 2 7 = 2
TAK 7 2 8 = 2
TAK 7 3 1 = 2
TAK 7 3 2 = 3
TAK 7 3 3 = 3
TAK 7 3 4 = 3
TAK 7 3 5 = 3
TAK 7 3 6 = 3
TAK 7 3 7 = 3
TAK 7 3 8 = 3
TAK 7 4 1 = 4
TAK 7 4 2 = 4
TAK 7 4 3 = 4
TAK 7 4 4 = 4
TAK 7 4 5 = 4
TAK 7 4 6 = 4
TAK 7 4 7 = 4
TAK 7 4 8 = 4
TAK 7 5 1 = 2
TAK 7 5 2 = 3
TAK 7 5 3 = 4
TAK 7 5 4 = 5
TAK 7 5 5 = 5
TAK 7 5 6 = 5
TAK 7 5 7 = 5
TAK 7 5 8 = 5
TAK 7 6 1 = 6
TAK 7 6 2 = 6
TAK 7 6 3 = 6
TAK 7 6 4 = 6
TAK 7 6 5 = 6
TAK 7 6 6 = 6
TAK 7 6 7 = 6
TAK 7 6 8 = 7
TAK 7 7 1 = 1
TAK 7 7 2 = 2
TAK 7 7 3 = 3
TAK 7 7 4 = 4
TAK 7 7 5 = 5
TAK 7 7 6 = 6
TAK 7 7 7 = 7
TAK 7 7 8 = 8
TAK 7 8 1 = 1
TAK 7 8 2 = 2
TAK 7 8 3 = 3
TAK 7 8 4 = 4
TAK 7 8 5 = 5
TAK 7 8 6 = 6
TAK 7 8 7 = 7
TAK 7 8 8 = 8
TAK 8 1 1 = 1
TAK 8 1 2 = 1
TAK 8 1 3 = 1
TAK 8 1 4 = 1
TAK 8 1 5 = 1
TAK 8 1 6 = 1
TAK 8 1 7 = 1
TAK 8 1 8 = 1
TAK 8 2 1 = 2
TAK 8 2 2 = 2
TAK 8 2 3 = 2
TAK 8 2 4 = 2
TAK 8 2 5 = 2
TAK 8 2 6 = 2
TAK 8 2 7 = 2
TAK 8 2 8 = 2
TAK 8 3 1 = 3
TAK 8 3 2 = 3
TAK 8 3 3 = 3
TAK 8 3 4 = 3
TAK 8 3 5 = 3
TAK 8 3 6 = 3
TAK 8 3 7 = 3
TAK 8 3 8 = 3
TAK 8 4 1 = 2
TAK 8 4 2 = 3
TAK 8 4 3 = 4
TAK 8 4 4 = 4
TAK 8 4 5 = 4
TAK 8 4 6 = 4
TAK 8 4 7 = 4
TAK 8 4 8 = 4
TAK 8 5 1 = 5
TAK 8 5 2 = 5
TAK 8 5 3 = 5
TAK 8 5 4 = 5
TAK 8 5 5 = 5
TAK 8 5 6 = 5
TAK 8 5 7 = 5
TAK 8 5 8 = 5
TAK 8 6 1 = 2
TAK 8 6 2 = 3
TAK 8 6 3 = 4
TAK 8 6 4 = 5
TAK 8 6 5 = 6
TAK 8 6 6 = 6
TAK 8 6 7 = 6
TAK 8 6 8 = 6
TAK 8 7 1 = 7
TAK 8 7 2 = 7
TAK 8 7 3 = 7
TAK 8 7 4 = 7
TAK 8 7 5 = 7
TAK 8 7 6 = 7
TAK 8 7 7 = 7
TAK 8 7 8 = 7
TAK 8 8 1 = 1
TAK 8 8 2 = 2
TAK 8 8 3 = 3
TAK 8 8 4 = 4
TAK 8 8 5 = 5
TAK 8 8 6 = 6
TAK 8 8 7 = 7
TAK 8 8 8 = 8
TAK 9 1 1 = 1
TAK 9 1 2 = 1
TAK 9 1 3 = 1
TAK 9 1 4 = 1
TAK 9 1 5 = 1
TAK 9 1 6 = 1
TAK 9 1 7 = 1
TAK 9 1 8 = 1
TAK 9 2 1 = 2
TAK 9 2 2 = 2
TAK 9 2 3 = 2
TAK 9 2 4 = 2
TAK 9 2 5 = 2
TAK 9 2 6 = 2
TAK 9 2 7 = 2
TAK 9 2 8 = 2
TAK 9 3 1 = 2
TAK 9 3 2 = 3
TAK 9 3 3 = 3
TAK 9 3 4 = 3
TAK 9 3 5 = 3
TAK 9 3 6 = 3
TAK 9 3 7 = 3
TAK 9 3 8 = 3
TAK 9 4 1 = 4
TAK 9 4 2 = 4
TAK 9 4 3 = 4
TAK 9 4 4 = 4
TAK 9 4 5 = 4
TAK 9 4 6 = 4
TAK 9 4 7 = 4
TAK 9 4 8 = 4
TAK 9 5 1 = 2
TAK 9 5 2 = 3
TAK 9 5 3 = 4
TAK 9 5 4 = 5
TAK 9 5 5 = 5
TAK 9 5 6 = 5
TAK 9 5 7 = 5
TAK 9 5 8 = 5
TAK 9 6 1 = 6
TAK 9 6 2 = 6
TAK 9 6 3 = 6
TAK 9 6 4 = 6
TAK 9 6 5 = 6
TAK 9 6 6 = 6
TAK 9 6 7 = 6
TAK 9 6 8 = 6
TAK 9 7 1 = 2
TAK 9 7 2 = 3
TAK 9 7 3 = 4
TAK 9 7 4 = 5
TAK 9 7 5 = 6
TAK 9 7 6 = 7
TAK 9 7 7 = 7
TAK 9 7 8 = 7
TAK 9 8 1 = 8
TAK 9 8 2 = 8
TAK 9 8 3 = 8
TAK 9 8 4 = 8
TAK 9 8 5 = 8
TAK 9 8 6 = 8
TAK 9 8 7 = 8
TAK 9 8 8 = 8
TAK 10 1 1 = 1
TAK 10 1 2 = 1
TAK 10 1 3 = 1
TAK 10 1 4 = 1
TAK 10 1 5 = 1
TAK 10 1 6 = 1
TAK 10 1 7 = 1
TAK 10 1 8 = 1
TAK 10 2 1 = 2
TAK 10 2 2 = 2
TAK 10 2 3 = 2
TAK 10 2 4 = 2
TAK 10 2 5 = 2
TAK 10 2 6 = 2
TAK 10 2 7 = 2
TAK 10 2 8 = 2
TAK 10 3 1 = 3
TAK 10 3 2 = 3
TAK 10 3 3 = 3
TAK 10 3 4 = 3
TAK 10 3 5 = 3
TAK 10 3 6 = 3
TAK 10 3 7 = 3
TAK 10 3 8 = 3
TAK 10 4 1 = 2
TAK 10 4 2 = 3
TAK 10 4 3 = 4
TAK 10 4 4 = 4
TAK 10 4 5 = 4
TAK 10 4 6 = 4
TAK 10 4 7 = 4
TAK 10 4 8 = 4
TAK 10 5 1 = 5
TAK 10 5 2 = 5
TAK 10 5 3 = 5
TAK 10 5 4 = 5
TAK 10 5 5 = 5
TAK 10 5 6 = 5
TAK 10 5 7 = 5
TAK 10 5 8 = 5
TAK 10 6 1 = 2
TAK 10 6 2 = 3
TAK 10 6 3 = 4
TAK 10 6 4 = 5
TAK 10 6 5 = 6
TAK 10 6 6 = 6
TAK 10 6 7 = 6
TAK 10 6 8 = 6
TAK 10 7 1 = 7
TAK 10 7 2 = 7
TAK 10 7 3 = 7
TAK 10 7 4 = 7
TAK 10 7 5 = 7
TAK 10 7 6 = 7
TAK 10 7 7 = 7
TAK 10 7 8 = 7
TAK 10 8 1 = 2
TAK 10 8 2 = 3
TAK 10 8 3 = 4
TAK 10 8 4 = 5
TAK 10 8 5 = 6
TAK 10 8 6 = 7
TAK 10 8 7 = 8
TAK 10 8 8 = 8
TAK 11 1 1 = 1
TAK 11 1 2 = 1
TAK 11 1 3 = 1
TAK 11 1 4 = 1
TAK 11 1 5 = 1
TAK 11 1 6 = 1
TAK 11 1 7 = 1
TAK 11 1 8 = 1
TAK 11 2 1 = 2
TAK 11 2 2 = 2
TAK 11 2 3 = 2
TAK 11 2 4 = 2
TAK 11 2 5 = 2
TAK 11 2 6 = 2
TAK 11 2 7 = 2
TAK 11 2 8 = 2
TAK 11 3 1 = 2
TAK 11 3 2 = 3
TAK 11 3 3 = 3
TAK 11 3 4 = 3
TAK 11 3 5 = 3
TAK 11 3 6 = 3
TAK 11 3 7 = 3
TAK 11 3 8 = 3
TAK 11 4 1 = 4
TAK 11 4 2 = 4
TAK 11 4 3 = 4
TAK 11 4 4 = 4
TAK 11 4 5 = 4
TAK 11 4 6 = 4
TAK 11 4 7 = 4
TAK 11 4 8 = 4
TAK 11 5 1 = 2
TAK 11 5 2 = 3
TAK 11 5 3 = 4
TAK 11 5 4 = 5
TAK 11 5 5 = 5
TAK 11 5 6 = 5
TAK 11 5 7 = 5
TAK 11 5 8 = 5
TAK 11 6 1 = 6
TAK 11 6 2 = 6
TAK 11 6 3 = 6
TAK 11 6 4 = 6
TAK 11 6 5 = 6
TAK 11 6 6 = 6
TAK 11 6 7 = 6
TAK 11 6 8 = 6
TAK 11 7 1 = 2
TAK 11 7 2 = 3
TAK 11 7 3 = 4
TAK 11 7 4 = 5
TAK 11 7 5 = 6
TAK 11 7 6 = 7
TAK 11 7 7 = 7
TAK 11 7 8 = 7
TAK 11 8 1 = 8
TAK 11 8 2 = 8
TAK 11 8 3 = 8
TAK 11 8 4 = 8
TAK 11 8 5 = 8
TAK 11 8 6 = 8
TAK 11 8 7 = 8
TAK 11 8 8 = 8
TAK 12 1 1 = 1
TAK 12 1 2 = 1
TAK 12 1 3 = 1
TAK 12 1 4 = 1
TAK 12 1 5 = 1
TAK 12 1 6 = 1
TAK 12 1 7 = 1
TAK 12 1 8 = 1
TAK 12 2 1 = 2
TAK 12 2 2 = 2
TAK 12 2 3 = 2
TAK 12 2 4 = 2
TAK 12 2 5 = 2
TAK 12 2 6 = 2
TAK 12 2 7 = 2
TAK 12 2 8 = 2
TAK 12 3 1 = 3
TAK 12 3 2 = 3
TAK 12 3 3 = 3
TAK 12 3 4 = 3
TAK 12 3 5 = 3
TAK 12 3 6 = 3
TAK 12 3 7 = 3
TAK 12 3 8 = 3
TAK 12 4 1 = 2
TAK 12 4 2 = 3
TAK 12 4 3 = 4
TAK 12 4 4 = 4
TAK 12 4 5 = 4
TAK 12 4 6 = 4
TAK 12 4 7 = 4
TAK 12 4 8 = 4
TAK 12 5 1 = 5
TAK 12 5 2 = 5
TAK 12 5 3 = 5
TAK 12 5 4 = 5
TAK 12 5 5 = 5
TAK 12 5 6 = 5
TAK 12 5 7 = 5
TAK 12 5 8 = 5
TAK 12 6 1 = 2
TAK 12 6 2 = 3
TAK 12 6 3 = 4
TAK 12 6 4 = 5
TAK 12 6 5 = 6
TAK 12 6 6 = 6
TAK 12 6 7 = 6
TAK 12 6 8 = 6
TAK 12 7 1 = 7
TAK 12 7 2 = 7
TAK 12 7 3 = 7
TAK 12 7 4 = 7
TAK 12 7 5 = 7
TAK 12 7 6 = 7
TAK 12 7 7 = 7
TAK 12 7 8 = 7
TAK 12 8 1 = 2
TAK 12 8 2 = 3
TAK 12 8 3 = 4
TAK 12 8 4 = 5
TAK 12 8 5 = 6
TAK 12 8 6 = 7
TAK 12 8 7 = 8
TAK 12 8 8 = 8

