This is pdfTeX, Version 3.14159265-2.6-1.40.17 (TeX Live 2016/Debian) (preloaded format=latex 2017.1.19)  10 FEB 2017 12:30
entering extended mode
 restricted \write18 enabled.
 %&-line parsing enabled.
**hygiene.tex
(./hygiene.tex
LaTeX2e <2016/03/31> patch level 3
Babel <3.9r> and hyphenation patterns for 3 language(s) loaded.
(/usr/share/texlive/texmf-dist/tex/latex/base/article.cls
Document Class: article 2014/09/29 v1.4h Standard LaTeX document class
(/usr/share/texlive/texmf-dist/tex/latex/base/size10.clo
File: size10.clo 2014/09/29 v1.4h Standard LaTeX file (size option)
)
\c@part=\count79
\c@section=\count80
\c@subsection=\count81
\c@subsubsection=\count82
\c@paragraph=\count83
\c@subparagraph=\count84
\c@figure=\count85
\c@table=\count86
\abovecaptionskip=\skip41
\belowcaptionskip=\skip42
\bibindent=\dimen102
) (./hygiene.aux)
\openout1 = `hygiene.aux'.

LaTeX Font Info:    Checking defaults for OML/cmm/m/it on input line 7.
LaTeX Font Info:    ... okay on input line 7.
LaTeX Font Info:    Checking defaults for T1/cmr/m/n on input line 7.
LaTeX Font Info:    ... okay on input line 7.
LaTeX Font Info:    Checking defaults for OT1/cmr/m/n on input line 7.
LaTeX Font Info:    ... okay on input line 7.
LaTeX Font Info:    Checking defaults for OMS/cmsy/m/n on input line 7.
LaTeX Font Info:    ... okay on input line 7.
LaTeX Font Info:    Checking defaults for OMX/cmex/m/n on input line 7.
LaTeX Font Info:    ... okay on input line 7.
LaTeX Font Info:    Checking defaults for U/cmr/m/n on input line 7.
LaTeX Font Info:    ... okay on input line 7.
LaTeX Font Info:    External font `cmex10' loaded for size
(Font)              <12> on input line 9.
LaTeX Font Info:    External font `cmex10' loaded for size
(Font)              <8> on input line 9.
LaTeX Font Info:    External font `cmex10' loaded for size
(Font)              <6> on input line 9.

[1

] [1]
Overfull \hbox (17.24684pt too wide) in paragraph at lines 86--86
[]\OT1/cmtt/m/n/10 (defmacro silly-bad-or (let if) `(let ((tmp ,let)) (if tmp t
mp ,if)))[] 
 []

[2] [3]
Overfull \hbox (11.99689pt too wide) in paragraph at lines 201--201
[]\OT1/cmtt/m/n/10 [3]> (macroexpand `(let ((tmp 5)) ,(macroexpand '(bad-or nil
 tmp))))[] 
 []

[4] (./hygiene.aux) ) 
Here is how much of TeX's memory you used:
 229 strings out of 494946
 2456 string characters out of 6181058
 51472 words of memory out of 5000000
 3600 multiletter control sequences out of 15000+600000
 7755 words of font info for 28 fonts, out of 8000000 for 9000
 14 hyphenation exceptions out of 8191
 23i,6n,17p,124b,239s stack positions out of 5000i,500n,10000p,200000b,80000s

Output written on hygiene.dvi (5 pages, 4352 bytes).
